<?xml version="1.0" encoding="UTF-8" ?>
<testsuite tests="8" failures="0" name="com.automation.runner.TestRunner" time="0.125" errors="8" skipped="0">
  <properties>
    <property name="idea.version" value="2022.2.3"/>
    <property name="java.runtime.name" value="OpenJDK Runtime Environment"/>
    <property name="java.vm.version" value="16.0.2+7"/>
    <property name="sun.boot.library.path" value="/Users/Avalancha2/Library/Java/JavaVirtualMachines/corretto-16.0.2/Contents/Home/lib"/>
    <property name="maven.multiModuleProjectDirectory" value="/Users/Avalancha2/Documents/HudlProjectBrian/HudlProjectBrian"/>
    <property name="java.vm.vendor" value="Amazon.com Inc."/>
    <property name="java.vendor.url" value="https://aws.amazon.com/corretto/"/>
    <property name="guice.disable.misplaced.annotation.check" value="true"/>
    <property name="path.separator" value=":"/>
    <property name="java.vm.name" value="OpenJDK 64-Bit Server VM"/>
    <property name="user.country" value="US"/>
    <property name="sun.java.launcher" value="SUN_STANDARD"/>
    <property name="java.vm.specification.name" value="Java Virtual Machine Specification"/>
    <property name="user.dir" value="/Users/Avalancha2/Documents/HudlProjectBrian/HudlProjectBrian"/>
    <property name="java.vm.compressedOopsMode" value="Zero based"/>
    <property name="java.runtime.version" value="16.0.2+7"/>
    <property name="os.arch" value="x86_64"/>
    <property name="java.io.tmpdir" value="/var/folders/83/smq1_5bs647dr2qb4_qcr7cr0000gq/T/"/>
    <property name="line.separator" value="
"/>
    <property name="java.vm.specification.vendor" value="Oracle Corporation"/>
    <property name="os.name" value="Mac OS X"/>
    <property name="maven.ext.class.path" value="/Applications/IntelliJ IDEA CE.app/Contents/plugins/maven/lib/maven-event-listener.jar"/>
    <property name="classworlds.conf" value="/Applications/IntelliJ IDEA CE.app/Contents/plugins/maven/lib/maven3/bin/m2.conf"/>
    <property name="sun.jnu.encoding" value="UTF-8"/>
    <property name="java.library.path" value="/Users/Avalancha2/Library/Java/Extensions:/Library/Java/Extensions:/Network/Library/Java/Extensions:/System/Library/Java/Extensions:/usr/lib/java:."/>
    <property name="maven.conf" value="/Applications/IntelliJ IDEA CE.app/Contents/plugins/maven/lib/maven3/conf"/>
    <property name="jdk.debug" value="release"/>
    <property name="java.class.version" value="60.0"/>
    <property name="java.specification.name" value="Java Platform API Specification"/>
    <property name="sun.management.compiler" value="HotSpot 64-Bit Tiered Compilers"/>
    <property name="os.version" value="12.6"/>
    <property name="http.nonProxyHosts" value="local|*.local|169.254/16|*.169.254/16"/>
    <property name="user.home" value="/Users/Avalancha2"/>
    <property name="user.timezone" value="America/Chicago"/>
    <property name="file.encoding" value="UTF-8"/>
    <property name="java.specification.version" value="16"/>
    <property name="user.name" value="Avalancha2"/>
    <property name="java.class.path" value="/Applications/IntelliJ IDEA CE.app/Contents/plugins/maven/lib/maven3/boot/plexus-classworlds.license:/Applications/IntelliJ IDEA CE.app/Contents/plugins/maven/lib/maven3/boot/plexus-classworlds-2.6.0.jar"/>
    <property name="java.vm.specification.version" value="16"/>
    <property name="sun.arch.data.model" value="64"/>
    <property name="sun.java.command" value="org.codehaus.classworlds.Launcher -Didea.version=2022.2.3 install"/>
    <property name="java.home" value="/Users/Avalancha2/Library/Java/JavaVirtualMachines/corretto-16.0.2/Contents/Home"/>
    <property name="user.language" value="en"/>
    <property name="java.specification.vendor" value="Oracle Corporation"/>
    <property name="java.vm.info" value="mixed mode, sharing"/>
    <property name="java.version" value="16.0.2"/>
    <property name="java.vendor" value="Amazon.com Inc."/>
    <property name="maven.home" value="/Applications/IntelliJ IDEA CE.app/Contents/plugins/maven/lib/maven3"/>
    <property name="file.separator" value="/"/>
    <property name="java.version.date" value="2021-07-20"/>
    <property name="java.vendor.url.bug" value="https://github.com/corretto/corretto-jdk/issues/"/>
    <property name="sun.io.unicode.encoding" value="UnicodeBig"/>
    <property name="sun.cpu.endian" value="little"/>
    <property name="java.vendor.version" value="Corretto-16.0.2.7.1"/>
    <property name="socksNonProxyHosts" value="local|*.local|169.254/16|*.169.254/16"/>
    <property name="ftp.nonProxyHosts" value="local|*.local|169.254/16|*.169.254/16"/>
  </properties>
  <testcase classname="Login" name="Verify user can sign in with valid credentials" time="0.087">
    <error message="Cannot invoke &quot;java.util.Properties.getProperty(String)&quot; because &quot;com.automation.utils.ConfigReader.prop&quot; is null" type="java.lang.NullPointerException">java.lang.NullPointerException: Cannot invoke &quot;java.util.Properties.getProperty(String)&quot; because &quot;com.automation.utils.ConfigReader.prop&quot; is null
	at com.automation.utils.ConfigReader.getProperty(ConfigReader.java:22)
	at com.automation.pages.LoginPage.userIsOnLoginPage(LoginPage.java:27)
	at com.automation.stepdef.LoginTest.user_is_on_login_page(LoginTest.java:14)
	at ✽.User is on login page(file:///Users/Avalancha2/Documents/HudlProjectBrian/HudlProjectBrian/src/test/resources/features/Login.feature:5)
</error>
  </testcase>
  <testcase classname="Login" name="Verify user cannot login with blank username and blank password" time="0.006">
    <error message="Cannot invoke &quot;java.util.Properties.getProperty(String)&quot; because &quot;com.automation.utils.ConfigReader.prop&quot; is null" type="java.lang.NullPointerException">java.lang.NullPointerException: Cannot invoke &quot;java.util.Properties.getProperty(String)&quot; because &quot;com.automation.utils.ConfigReader.prop&quot; is null
	at com.automation.utils.ConfigReader.getProperty(ConfigReader.java:22)
	at com.automation.pages.LoginPage.userIsOnLoginPage(LoginPage.java:27)
	at com.automation.stepdef.LoginTest.user_is_on_login_page(LoginTest.java:14)
	at ✽.User is on login page(file:///Users/Avalancha2/Documents/HudlProjectBrian/HudlProjectBrian/src/test/resources/features/Login.feature:5)
</error>
  </testcase>
  <testcase classname="Login" name="Verify user cannot login with correct username and wrong password" time="0.006">
    <error message="Cannot invoke &quot;java.util.Properties.getProperty(String)&quot; because &quot;com.automation.utils.ConfigReader.prop&quot; is null" type="java.lang.NullPointerException">java.lang.NullPointerException: Cannot invoke &quot;java.util.Properties.getProperty(String)&quot; because &quot;com.automation.utils.ConfigReader.prop&quot; is null
	at com.automation.utils.ConfigReader.getProperty(ConfigReader.java:22)
	at com.automation.pages.LoginPage.userIsOnLoginPage(LoginPage.java:27)
	at com.automation.stepdef.LoginTest.user_is_on_login_page(LoginTest.java:14)
	at ✽.User is on login page(file:///Users/Avalancha2/Documents/HudlProjectBrian/HudlProjectBrian/src/test/resources/features/Login.feature:5)
</error>
  </testcase>
  <testcase classname="Login" name="Verify if remember me functionality is working as intended" time="0.008">
    <error message="Cannot invoke &quot;java.util.Properties.getProperty(String)&quot; because &quot;com.automation.utils.ConfigReader.prop&quot; is null" type="java.lang.NullPointerException">java.lang.NullPointerException: Cannot invoke &quot;java.util.Properties.getProperty(String)&quot; because &quot;com.automation.utils.ConfigReader.prop&quot; is null
	at com.automation.utils.ConfigReader.getProperty(ConfigReader.java:22)
	at com.automation.pages.LoginPage.userIsOnLoginPage(LoginPage.java:27)
	at com.automation.stepdef.LoginTest.user_is_on_login_page(LoginTest.java:14)
	at ✽.User is on login page(file:///Users/Avalancha2/Documents/HudlProjectBrian/HudlProjectBrian/src/test/resources/features/Login.feature:5)
</error>
  </testcase>
  <testcase classname="Login" name="Verify if user can login after changing password" time="0.005">
    <error message="Cannot invoke &quot;java.util.Properties.getProperty(String)&quot; because &quot;com.automation.utils.ConfigReader.prop&quot; is null" type="java.lang.NullPointerException">java.lang.NullPointerException: Cannot invoke &quot;java.util.Properties.getProperty(String)&quot; because &quot;com.automation.utils.ConfigReader.prop&quot; is null
	at com.automation.utils.ConfigReader.getProperty(ConfigReader.java:22)
	at com.automation.pages.LoginPage.userIsOnLoginPage(LoginPage.java:27)
	at com.automation.stepdef.LoginTest.user_is_on_login_page(LoginTest.java:14)
	at ✽.User is on login page(file:///Users/Avalancha2/Documents/HudlProjectBrian/HudlProjectBrian/src/test/resources/features/Login.feature:5)
</error>
  </testcase>
  <testcase classname="Login" name="Verify if user can press enter key on keyboard to login" time="0.005">
    <error message="Cannot invoke &quot;java.util.Properties.getProperty(String)&quot; because &quot;com.automation.utils.ConfigReader.prop&quot; is null" type="java.lang.NullPointerException">java.lang.NullPointerException: Cannot invoke &quot;java.util.Properties.getProperty(String)&quot; because &quot;com.automation.utils.ConfigReader.prop&quot; is null
	at com.automation.utils.ConfigReader.getProperty(ConfigReader.java:22)
	at com.automation.pages.LoginPage.userIsOnLoginPage(LoginPage.java:27)
	at com.automation.stepdef.LoginTest.user_is_on_login_page(LoginTest.java:14)
	at ✽.User is on login page(file:///Users/Avalancha2/Documents/HudlProjectBrian/HudlProjectBrian/src/test/resources/features/Login.feature:5)
</error>
  </testcase>
  <testcase classname="Login" name="Verify if password is encrypted" time="0.004">
    <error message="Cannot invoke &quot;java.util.Properties.getProperty(String)&quot; because &quot;com.automation.utils.ConfigReader.prop&quot; is null" type="java.lang.NullPointerException">java.lang.NullPointerException: Cannot invoke &quot;java.util.Properties.getProperty(String)&quot; because &quot;com.automation.utils.ConfigReader.prop&quot; is null
	at com.automation.utils.ConfigReader.getProperty(ConfigReader.java:22)
	at com.automation.pages.LoginPage.userIsOnLoginPage(LoginPage.java:27)
	at com.automation.stepdef.LoginTest.user_is_on_login_page(LoginTest.java:14)
	at ✽.User is on login page(file:///Users/Avalancha2/Documents/HudlProjectBrian/HudlProjectBrian/src/test/resources/features/Login.feature:5)
</error>
  </testcase>
  <testcase classname="Login" name="Verify login fails if user enters email in password field and password in email field" time="0.004">
    <error message="Cannot invoke &quot;java.util.Properties.getProperty(String)&quot; because &quot;com.automation.utils.ConfigReader.prop&quot; is null" type="java.lang.NullPointerException">java.lang.NullPointerException: Cannot invoke &quot;java.util.Properties.getProperty(String)&quot; because &quot;com.automation.utils.ConfigReader.prop&quot; is null
	at com.automation.utils.ConfigReader.getProperty(ConfigReader.java:22)
	at com.automation.pages.LoginPage.userIsOnLoginPage(LoginPage.java:27)
	at com.automation.stepdef.LoginTest.user_is_on_login_page(LoginTest.java:14)
	at ✽.User is on login page(file:///Users/Avalancha2/Documents/HudlProjectBrian/HudlProjectBrian/src/test/resources/features/Login.feature:5)
</error>
  </testcase>
</testsuite>